abr. 06, 2025 8:44:50 PM liquibase.changelog
INFO: Reading resource: db.changelog/migrations/db.changelog-202504052158.sql
abr. 06, 2025 8:44:50 PM liquibase.changelog
INFO: Reading resource: db.changelog/migrations/db.changelog-202504061228.sql
abr. 06, 2025 8:44:50 PM liquibase.changelog
INFO: Reading resource: db.changelog/migrations/db.changelog-202504061452.sql
abr. 06, 2025 8:44:50 PM liquibase.changelog
INFO: Reading resource: db.changelog/migrations/db.changelog-202504061455.sql
abr. 06, 2025 8:44:50 PM liquibase.changelog
INFO: Reading from board.databasechangelog
Database is up to date, no changesets to execute
abr. 06, 2025 8:44:50 PM liquibase.changelog
INFO: Reading from board.databasechangelog

UPDATE SUMMARY
Run:                          0
Previously run:               4
Filtered out:                 0
-------------------------------
Total change sets:            4

abr. 06, 2025 8:44:50 PM liquibase.util
INFO: UPDATE SUMMARY
abr. 06, 2025 8:44:50 PM liquibase.util
INFO: Run:                          0
abr. 06, 2025 8:44:50 PM liquibase.util
INFO: Previously run:               4
abr. 06, 2025 8:44:50 PM liquibase.util
INFO: Filtered out:                 0
abr. 06, 2025 8:44:50 PM liquibase.util
INFO: -------------------------------
abr. 06, 2025 8:44:50 PM liquibase.util
INFO: Total change sets:            4
abr. 06, 2025 8:44:50 PM liquibase.util
INFO: Update summary generated
abr. 06, 2025 8:44:50 PM liquibase.lockservice
INFO: Successfully released change log lock
abr. 06, 2025 8:44:50 PM liquibase.command
INFO: Command execution complete
